\BOOKMARK [1][-]{section.1}{Number of Transactions}{}% 1
\BOOKMARK [2][-]{subsection.1.1}{Number of Monthly Transactions}{section.1}% 2
\BOOKMARK [1][-]{section.2}{Number of Daily Transactions}{}% 3
\BOOKMARK [2][-]{subsection.2.1}{Analysis}{section.2}% 4
\BOOKMARK [3][-]{subsubsection.2.1.1}{Number of Monthly Transactions}{subsection.2.1}% 5
\BOOKMARK [3][-]{subsubsection.2.1.2}{Number of Daily Transactions}{subsection.2.1}% 6
\BOOKMARK [3][-]{subsubsection.2.1.3}{Summary}{subsection.2.1}% 7
\BOOKMARK [1][-]{section.3}{The Day in a Month that a Transaction Occured on}{}% 8
\BOOKMARK [2][-]{subsection.3.1}{Analysis}{section.3}% 9
\BOOKMARK [1][-]{section.4}{Transaction Size}{}% 10
\BOOKMARK [2][-]{subsection.4.1}{Monthly Transaction Size}{section.4}% 11
\BOOKMARK [2][-]{subsection.4.2}{Daily Transaction Size}{section.4}% 12
\BOOKMARK [2][-]{subsection.4.3}{Transaction Size per Transaction}{section.4}% 13
\BOOKMARK [2][-]{subsection.4.4}{Analysis}{section.4}% 14
\BOOKMARK [3][-]{subsubsection.4.4.1}{Monthly Transaction Size - Removing the Outlier}{subsection.4.4}% 15
\BOOKMARK [3][-]{subsubsection.4.4.2}{Daily Transaction Size}{subsection.4.4}% 16
\BOOKMARK [3][-]{subsubsection.4.4.3}{Transaction Size per Transaction}{subsection.4.4}% 17
\BOOKMARK [3][-]{subsubsection.4.4.4}{Summary}{subsection.4.4}% 18
\BOOKMARK [1][-]{section.5}{Create Fictitious Month of Transactions}{}% 19
\BOOKMARK [2][-]{subsection.5.1}{Compare Data to Monthly-level KDE Samples}{section.5}% 20
\BOOKMARK [2][-]{subsection.5.2}{ Testing Benford's Law}{section.5}% 21
\BOOKMARK [1][-]{section.6}{ Summary Analysis}{}% 22
\BOOKMARK [2][-]{subsection.6.1}{Model Flaws}{section.6}% 23
\BOOKMARK [1][-]{section.7}{Appendix}{}% 24
